{"name": "test_allure", "status": "failed", "statusDetails": {"message": "AssertionError: assert False", "trace": "self = <scripts.test_allure.Test_Allure object at 0x104124f50>\n\n    def test_allure(self):\n        print(\"test_allure\")\n>       assert False\nE       assert False\n\nscripts/test_allure.py:12: AssertionError"}, "start": 1565488193223, "stop": 1565488193224, "uuid": "eef138d5-fa53-4418-a3b0-ab27fe9f3230", "historyId": "bd7e67fae8b08a10e79b8c5f512acb2f", "fullName": "scripts.test_allure.Test_Allure#test_allure", "labels": [{"name": "parentSuite", "value": "scripts"}, {"name": "suite", "value": "test_allure"}, {"name": "subSuite", "value": "Test_Allure"}, {"name": "host", "value": "localhost"}, {"name": "thread", "value": "8403-MainThread"}, {"name": "framework", "value": "pytest"}, {"name": "language", "value": "cpython3"}, {"name": "package", "value": "scripts.test_allure"}]}